
---Mobile Particles---
TIME=20190127
SAMPLE=000000
D=0.1000
TIME=20190127
SAMPLE=000001
D=0.1000
TIME=20190127
SAMPLE=000002
D=0.1000
TIME=20190127
SAMPLE=000003
D=0.1000
TIME=20190127
SAMPLE=000004
D=0.1000
TIME=20190127
SAMPLE=000005
D=0.1000
TIME=20190127
SAMPLE=000006
D=0.1000
TIME=20190127
SAMPLE=000007
D=0.1000
TIME=20190127
SAMPLE=000008
D=0.1000
TIME=20190127
SAMPLE=000009
D=0.1000
TIME=20190127
SAMPLE=000010
D=0.3000
TIME=20190127
SAMPLE=000011
D=0.3000
TIME=20190127
SAMPLE=000012
D=0.3000
TIME=20190127
SAMPLE=000013
D=0.3000
TIME=20190127
SAMPLE=000014
D=0.3000
TIME=20190127
SAMPLE=000015
D=0.3000
TIME=20190127
SAMPLE=000016
D=0.3000
TIME=20190127
SAMPLE=000017
D=0.3000
TIME=20190127
SAMPLE=000018
D=0.3000
TIME=20190127
SAMPLE=000019
D=0.3000
TIME=20190127
SAMPLE=000020
D=0.5000
TIME=20190127
SAMPLE=000021
D=0.5000
TIME=20190127
SAMPLE=000022
D=0.5000
TIME=20190127
SAMPLE=000023
D=0.5000
TIME=20190127
SAMPLE=000024
D=0.5000
TIME=20190127
SAMPLE=000025
D=0.5000
TIME=20190127
SAMPLE=000026
D=0.5000
TIME=20190127
SAMPLE=000027
D=0.5000
TIME=20190127
SAMPLE=000028
D=0.5000
TIME=20190127
SAMPLE=000029
D=0.5000
TIME=20190127
SAMPLE=000030
D=0.7000
TIME=20190127
SAMPLE=000031
D=0.7000
TIME=20190127
SAMPLE=000032
D=0.7000
TIME=20190127
SAMPLE=000033
D=0.7000
TIME=20190127
SAMPLE=000034
D=0.7000
TIME=20190127
SAMPLE=000035
D=0.7000
TIME=20190127
SAMPLE=000036
D=0.7000
TIME=20190127
SAMPLE=000037
D=0.7000
TIME=20190127
SAMPLE=000038
D=0.7000
TIME=20190127
SAMPLE=000039
D=0.7000
TIME=20190127
SAMPLE=000040
D=0.9000
TIME=20190127
SAMPLE=000041
D=0.9000
TIME=20190127
SAMPLE=000042
D=0.9000
TIME=20190127
SAMPLE=000043
D=0.9000
TIME=20190127
SAMPLE=000044
D=0.9000
TIME=20190127
SAMPLE=000045
D=0.9000
TIME=20190127
SAMPLE=000046
D=0.9000
TIME=20190127
SAMPLE=000047
D=0.9000
TIME=20190127
SAMPLE=000048
D=0.9000
TIME=20190127
SAMPLE=000049
D=0.9000
TIME=20190127
SAMPLE=000050
D=1.1000
TIME=20190127
SAMPLE=000051
D=1.1000
TIME=20190127
SAMPLE=000052
D=1.1000
TIME=20190127
SAMPLE=000053
D=1.1000
TIME=20190127
SAMPLE=000054
D=1.1000
TIME=20190127
SAMPLE=000055
D=1.1000
TIME=20190127
SAMPLE=000056
D=1.1000
TIME=20190127
SAMPLE=000057
D=1.1000
TIME=20190127
SAMPLE=000058
D=1.1000
TIME=20190127
SAMPLE=000059
D=1.1000
TIME=20190127
SAMPLE=000060
D=1.3000
TIME=20190127
SAMPLE=000061
D=1.3000
TIME=20190127
SAMPLE=000062
D=1.3000
TIME=20190127
SAMPLE=000063
D=1.3000
TIME=20190127
SAMPLE=000064
D=1.3000
TIME=20190127
SAMPLE=000065
D=1.3000
TIME=20190127
SAMPLE=000066
D=1.3000
TIME=20190127
SAMPLE=000067
D=1.3000
TIME=20190127
SAMPLE=000068
D=1.3000
TIME=20190127
SAMPLE=000069
D=1.3000
TIME=20190127
SAMPLE=000070
D=1.5000
TIME=20190127
SAMPLE=000071
D=1.5000
TIME=20190127
SAMPLE=000072
D=1.5000
TIME=20190127
SAMPLE=000073
D=1.5000
TIME=20190127
SAMPLE=000074
D=1.5000
TIME=20190127
SAMPLE=000075
D=1.5000
TIME=20190127
SAMPLE=000076
D=1.5000
TIME=20190127
SAMPLE=000077
D=1.5000
TIME=20190127
SAMPLE=000078
D=1.5000
TIME=20190127
SAMPLE=000079
D=1.5000
TIME=20190127
SAMPLE=000080
D=1.7000
TIME=20190127
SAMPLE=000081
D=1.7000
TIME=20190127
SAMPLE=000082
D=1.7000
TIME=20190127
SAMPLE=000083
D=1.7000
TIME=20190127
SAMPLE=000084
D=1.7000
TIME=20190127
SAMPLE=000085
D=1.7000
TIME=20190127
SAMPLE=000086
D=1.7000
TIME=20190127
SAMPLE=000087
D=1.7000
TIME=20190127
SAMPLE=000088
D=1.7000
TIME=20190127
SAMPLE=000089
D=1.7000
TIME=20190127
SAMPLE=000090
D=1.9000
TIME=20190127
SAMPLE=000091
D=1.9000
TIME=20190127
SAMPLE=000092
D=1.9000
TIME=20190127
SAMPLE=000093
D=1.9000
TIME=20190127
SAMPLE=000094
D=1.9000
TIME=20190127
SAMPLE=000095
D=1.9000
TIME=20190127
SAMPLE=000096
D=1.9000
TIME=20190127
SAMPLE=000097
D=1.9000
TIME=20190127
SAMPLE=000098
D=1.9000
TIME=20190127
SAMPLE=000099
D=1.9000

---Immobile Particles---
TIME=20190127
SAMPLE=010000
W0=0.5000
TIME=20190127
SAMPLE=010001
W0=0.5000
TIME=20190127
SAMPLE=010002
W0=0.5000
TIME=20190127
SAMPLE=010003
W0=0.5000
TIME=20190127
SAMPLE=010004
W0=0.5000
TIME=20190127
SAMPLE=010005
W0=0.5000
TIME=20190127
SAMPLE=010006
W0=0.5000
TIME=20190127
SAMPLE=010007
W0=0.5000
TIME=20190127
SAMPLE=010008
W0=0.5000
TIME=20190127
SAMPLE=010009
W0=0.5000
TIME=20190127
SAMPLE=010010
W0=0.5000
TIME=20190127
SAMPLE=010011
W0=0.5000
TIME=20190127
SAMPLE=010012
W0=0.5000
TIME=20190127
SAMPLE=010013
W0=0.5000
TIME=20190127
SAMPLE=010014
W0=0.5000
TIME=20190127
SAMPLE=010015
W0=0.5000
TIME=20190127
SAMPLE=010016
W0=0.5000
TIME=20190127
SAMPLE=010017
W0=0.5000
TIME=20190127
SAMPLE=010018
W0=0.5000
TIME=20190127
SAMPLE=010019
W0=0.5000
TIME=20190127
SAMPLE=010020
W0=0.5000
TIME=20190127
SAMPLE=010021
W0=0.5000
TIME=20190127
SAMPLE=010022
W0=0.5000
TIME=20190127
SAMPLE=010023
W0=0.5000
TIME=20190127
SAMPLE=010024
W0=0.5000
TIME=20190127
SAMPLE=010025
W0=0.5000
TIME=20190127
SAMPLE=010026
W0=0.5000
TIME=20190127
SAMPLE=010027
W0=0.5000
TIME=20190127
SAMPLE=010028
W0=0.5000
TIME=20190127
SAMPLE=010029
W0=0.5000
TIME=20190127
SAMPLE=010030
W0=0.5000
TIME=20190127
SAMPLE=010031
W0=0.5000
TIME=20190127
SAMPLE=010032
W0=0.5000
TIME=20190127
SAMPLE=010033
W0=0.5000
TIME=20190127
SAMPLE=010034
W0=0.5000
TIME=20190127
SAMPLE=010035
W0=0.5000
TIME=20190127
SAMPLE=010036
W0=0.5000
TIME=20190127
SAMPLE=010037
W0=0.5000
TIME=20190127
SAMPLE=010038
W0=0.5000
TIME=20190127
SAMPLE=010039
W0=0.5000
TIME=20190127
SAMPLE=010040
W0=0.5000
TIME=20190127
SAMPLE=010041
W0=0.5000
TIME=20190127
SAMPLE=010042
W0=0.5000
TIME=20190127
SAMPLE=010043
W0=0.5000
TIME=20190127
SAMPLE=010044
W0=0.5000
TIME=20190127
SAMPLE=010045
W0=0.5000
TIME=20190127
SAMPLE=010046
W0=0.5000
TIME=20190127
SAMPLE=010047
W0=0.5000
TIME=20190127
SAMPLE=010048
W0=0.5000
TIME=20190127
SAMPLE=010049
W0=0.5000
TIME=20190127
SAMPLE=010050
W0=0.5000
TIME=20190127
SAMPLE=010051
W0=0.5000
TIME=20190127
SAMPLE=010052
W0=0.5000
TIME=20190127
SAMPLE=010053
W0=0.5000
TIME=20190127
SAMPLE=010054
W0=0.5000
TIME=20190127
SAMPLE=010055
W0=0.5000
TIME=20190127
SAMPLE=010056
W0=0.5000
TIME=20190127
SAMPLE=010057
W0=0.5000
TIME=20190127
SAMPLE=010058
W0=0.5000
TIME=20190127
SAMPLE=010059
W0=0.5000
TIME=20190127
SAMPLE=010060
W0=0.5000
TIME=20190127
SAMPLE=010061
W0=0.5000
TIME=20190127
SAMPLE=010062
W0=0.5000
TIME=20190127
SAMPLE=010063
W0=0.5000
TIME=20190127
SAMPLE=010064
W0=0.5000
TIME=20190127
SAMPLE=010065
W0=0.5000
TIME=20190127
SAMPLE=010066
W0=0.5000
TIME=20190127
SAMPLE=010067
W0=0.5000
TIME=20190127
SAMPLE=010068
W0=0.5000
TIME=20190127
SAMPLE=010069
W0=0.5000
TIME=20190127
SAMPLE=010070
W0=0.5000
TIME=20190127
SAMPLE=010071
W0=0.5000
TIME=20190127
SAMPLE=010072
W0=0.5000
TIME=20190127
SAMPLE=010073
W0=0.5000
TIME=20190127
SAMPLE=010074
W0=0.5000
TIME=20190127
SAMPLE=010075
W0=0.5000
TIME=20190127
SAMPLE=010076
W0=0.5000
TIME=20190127
SAMPLE=010077
W0=0.5000
TIME=20190127
SAMPLE=010078
W0=0.5000
TIME=20190127
SAMPLE=010079
W0=0.5000
TIME=20190127
SAMPLE=010080
W0=0.5000
TIME=20190127
SAMPLE=010081
W0=0.5000
TIME=20190127
SAMPLE=010082
W0=0.5000
TIME=20190127
SAMPLE=010083
W0=0.5000
TIME=20190127
SAMPLE=010084
W0=0.5000
TIME=20190127
SAMPLE=010085
W0=0.5000
TIME=20190127
SAMPLE=010086
W0=0.5000
TIME=20190127
SAMPLE=010087
W0=0.5000
TIME=20190127
SAMPLE=010088
W0=0.5000
TIME=20190127
SAMPLE=010089
W0=0.5000
TIME=20190127
SAMPLE=010090
W0=0.5000
TIME=20190127
SAMPLE=010091
W0=0.5000
TIME=20190127
SAMPLE=010092
W0=0.5000
TIME=20190127
SAMPLE=010093
W0=0.5000
TIME=20190127
SAMPLE=010094
W0=0.5000
TIME=20190127
SAMPLE=010095
W0=0.5000
TIME=20190127
SAMPLE=010096
W0=0.5000
TIME=20190127
SAMPLE=010097
W0=0.5000
TIME=20190127
SAMPLE=010098
W0=0.5000
TIME=20190127
SAMPLE=010099
W0=0.5000


---Noise Particles---
TIME=20190127
SAMPLE=020000
NoiseSTD=0.0500
TIME=20190127
SAMPLE=020001
NoiseSTD=0.0500
TIME=20190127
SAMPLE=020002
NoiseSTD=0.0500
TIME=20190127
SAMPLE=020003
NoiseSTD=0.0500
TIME=20190127
SAMPLE=020004
NoiseSTD=0.0500
TIME=20190127
SAMPLE=020005
NoiseSTD=0.0500
TIME=20190127
SAMPLE=020006
NoiseSTD=0.0500
TIME=20190127
SAMPLE=020007
NoiseSTD=0.0500
TIME=20190127
SAMPLE=020008
NoiseSTD=0.0500
TIME=20190127
SAMPLE=020009
NoiseSTD=0.0500
TIME=20190127
SAMPLE=020010
NoiseSTD=0.1000
TIME=20190127
SAMPLE=020011
NoiseSTD=0.1000
TIME=20190127
SAMPLE=020012
NoiseSTD=0.1000
TIME=20190127
SAMPLE=020013
NoiseSTD=0.1000
TIME=20190127
SAMPLE=020014
NoiseSTD=0.1000
TIME=20190127
SAMPLE=020015
NoiseSTD=0.1000
TIME=20190127
SAMPLE=020016
NoiseSTD=0.1000
TIME=20190127
SAMPLE=020017
NoiseSTD=0.1000
TIME=20190127
SAMPLE=020018
NoiseSTD=0.1000
TIME=20190127
SAMPLE=020019
NoiseSTD=0.1000
TIME=20190127
SAMPLE=020020
NoiseSTD=0.1500
TIME=20190127
SAMPLE=020021
NoiseSTD=0.1500
TIME=20190127
SAMPLE=020022
NoiseSTD=0.1500
TIME=20190127
SAMPLE=020023
NoiseSTD=0.1500
TIME=20190127
SAMPLE=020024
NoiseSTD=0.1500
TIME=20190127
SAMPLE=020025
NoiseSTD=0.1500
TIME=20190127
SAMPLE=020026
NoiseSTD=0.1500
TIME=20190127
SAMPLE=020027
NoiseSTD=0.1500
TIME=20190127
SAMPLE=020028
NoiseSTD=0.1500
TIME=20190127
SAMPLE=020029
NoiseSTD=0.1500
TIME=20190127
SAMPLE=020030
NoiseSTD=0.2000
TIME=20190127
SAMPLE=020031
NoiseSTD=0.2000
TIME=20190127
SAMPLE=020032
NoiseSTD=0.2000
TIME=20190127
SAMPLE=020033
NoiseSTD=0.2000
TIME=20190127
SAMPLE=020034
NoiseSTD=0.2000
TIME=20190127
SAMPLE=020035
NoiseSTD=0.2000
TIME=20190127
SAMPLE=020036
NoiseSTD=0.2000
TIME=20190127
SAMPLE=020037
NoiseSTD=0.2000
TIME=20190127
SAMPLE=020038
NoiseSTD=0.2000
TIME=20190127
SAMPLE=020039
NoiseSTD=0.2000
TIME=20190127
SAMPLE=020040
NoiseSTD=0.2500
TIME=20190127
SAMPLE=020041
NoiseSTD=0.2500
TIME=20190127
SAMPLE=020042
NoiseSTD=0.2500
TIME=20190127
SAMPLE=020043
NoiseSTD=0.2500
TIME=20190127
SAMPLE=020044
NoiseSTD=0.2500
TIME=20190127
SAMPLE=020045
NoiseSTD=0.2500
TIME=20190127
SAMPLE=020046
NoiseSTD=0.2500
TIME=20190127
SAMPLE=020047
NoiseSTD=0.2500
TIME=20190127
SAMPLE=020048
NoiseSTD=0.2500
TIME=20190127
SAMPLE=020049
NoiseSTD=0.2500
TIME=20190127
SAMPLE=020050
NoiseSTD=0.3000
TIME=20190127
SAMPLE=020051
NoiseSTD=0.3000
TIME=20190127
SAMPLE=020052
NoiseSTD=0.3000
TIME=20190127
SAMPLE=020053
NoiseSTD=0.3000
TIME=20190127
SAMPLE=020054
NoiseSTD=0.3000
TIME=20190127
SAMPLE=020055
NoiseSTD=0.3000
TIME=20190127
SAMPLE=020056
NoiseSTD=0.3000
TIME=20190127
SAMPLE=020057
NoiseSTD=0.3000
TIME=20190127
SAMPLE=020058
NoiseSTD=0.3000
TIME=20190127
SAMPLE=020059
NoiseSTD=0.3000
TIME=20190127
SAMPLE=020060
NoiseSTD=0.3500
TIME=20190127
SAMPLE=020061
NoiseSTD=0.3500
TIME=20190127
SAMPLE=020062
NoiseSTD=0.3500
TIME=20190127
SAMPLE=020063
NoiseSTD=0.3500
TIME=20190127
SAMPLE=020064
NoiseSTD=0.3500
TIME=20190127
SAMPLE=020065
NoiseSTD=0.3500
TIME=20190127
SAMPLE=020066
NoiseSTD=0.3500
TIME=20190127
SAMPLE=020067
NoiseSTD=0.3500
TIME=20190127
SAMPLE=020068
NoiseSTD=0.3500
TIME=20190127
SAMPLE=020069
NoiseSTD=0.3500
TIME=20190127
SAMPLE=020070
NoiseSTD=0.4000
TIME=20190127
SAMPLE=020071
NoiseSTD=0.4000
TIME=20190127
SAMPLE=020072
NoiseSTD=0.4000
TIME=20190127
SAMPLE=020073
NoiseSTD=0.4000
TIME=20190127
SAMPLE=020074
NoiseSTD=0.4000
TIME=20190127
SAMPLE=020075
NoiseSTD=0.4000
TIME=20190127
SAMPLE=020076
NoiseSTD=0.4000
TIME=20190127
SAMPLE=020077
NoiseSTD=0.4000
TIME=20190127
SAMPLE=020078
NoiseSTD=0.4000
TIME=20190127
SAMPLE=020079
NoiseSTD=0.4000
TIME=20190127
SAMPLE=020080
NoiseSTD=0.4500
TIME=20190127
SAMPLE=020081
NoiseSTD=0.4500
TIME=20190127
SAMPLE=020082
NoiseSTD=0.4500
TIME=20190127
SAMPLE=020083
NoiseSTD=0.4500
TIME=20190127
SAMPLE=020084
NoiseSTD=0.4500
TIME=20190127
SAMPLE=020085
NoiseSTD=0.4500
TIME=20190127
SAMPLE=020086
NoiseSTD=0.4500
TIME=20190127
SAMPLE=020087
NoiseSTD=0.4500
TIME=20190127
SAMPLE=020088
NoiseSTD=0.4500
TIME=20190127
SAMPLE=020089
NoiseSTD=0.4500
TIME=20190127
SAMPLE=020090
NoiseSTD=0.5000
TIME=20190127
SAMPLE=020091
NoiseSTD=0.5000
TIME=20190127
SAMPLE=020092
NoiseSTD=0.5000
TIME=20190127
SAMPLE=020093
NoiseSTD=0.5000
TIME=20190127
SAMPLE=020094
NoiseSTD=0.5000
TIME=20190127
SAMPLE=020095
NoiseSTD=0.5000
TIME=20190127
SAMPLE=020096
NoiseSTD=0.5000
TIME=20190127
SAMPLE=020097
NoiseSTD=0.5000
TIME=20190127
SAMPLE=020098
NoiseSTD=0.5000
TIME=20190127
SAMPLE=020099
NoiseSTD=0.5000
